Using pre-set license
Built from '2021.1/release' branch; Version is '2021.1.16f1 (5fa502fca597) revision 6268162'; Using compiler version '192528614'; Build Type 'Release'
OS: 'Windows 10 Pro; OS build 18362.418; Version 1903; 64bit' Language: 'en' Physical Memory: 8073 MB
BatchMode: 1, IsHumanControllingUs: 0, StartBugReporterOnCrash: 0, Is64bit: 1, IsPro: 0

 COMMAND LINE ARGUMENTS:
D:\Unity\2021.1.16f1\Editor\Unity.exe
-adb2
-batchMode
-noUpm
-name
AssetImportWorker2
-projectPath
D:/S_Work/NASA_Hackanthon/Github_NASA_MarsTravelProject/NASA_MARS_travel_Contest2021/NASA_Mars_Travel
-logFile
Logs/AssetImportWorker2.log
-srvPort
51081
Successfully changed project path to: D:/S_Work/NASA_Hackanthon/Github_NASA_MarsTravelProject/NASA_MARS_travel_Contest2021/NASA_Mars_Travel
D:/S_Work/NASA_Hackanthon/Github_NASA_MarsTravelProject/NASA_MARS_travel_Contest2021/NASA_Mars_Travel
Using Asset Import Pipeline V2.
Refreshing native plugins compatible for Editor in 41.72 ms, found 2 plugins.
Preloading 0 native plugins for Editor in 0.00 ms.
Initialize engine version: 2021.1.16f1 (5fa502fca597)
[Subsystems] Discovering subsystems at path D:/Unity/2021.1.16f1/Editor/Data/Resources/UnitySubsystems
[Subsystems] Discovering subsystems at path D:/S_Work/NASA_Hackanthon/Github_NASA_MarsTravelProject/NASA_MARS_travel_Contest2021/NASA_Mars_Travel/Assets
GfxDevice: creating device client; threaded=0; jobified=0
Direct3D:
    Version:  Direct3D 11.0 [level 11.0]
    Renderer: NVIDIA Quadro K2100M (ID=0x11fc)
    Vendor:   NVIDIA
    VRAM:     2007 MB
    Driver:   25.21.14.2678
Initialize mono
Mono path[0] = 'D:/Unity/2021.1.16f1/Editor/Data/Managed'
Mono path[1] = 'D:/Unity/2021.1.16f1/Editor/Data/MonoBleedingEdge/lib/mono/unityjit'
Mono config path = 'D:/Unity/2021.1.16f1/Editor/Data/MonoBleedingEdge/etc'
Using monoOptions --debugger-agent=transport=dt_socket,embedding=1,server=y,suspend=n,address=127.0.0.1:56772
Begin MonoManager ReloadAssembly
Registering precompiled unity dll's ...
Register platform support module: D:/Unity/2021.1.16f1/Editor/Data/PlaybackEngines/WebGLSupport/UnityEditor.WebGL.Extensions.dll
Register platform support module: D:/Unity/2021.1.16f1/Editor/Data/PlaybackEngines/WindowsStandaloneSupport/UnityEditor.WindowsStandalone.Extensions.dll
Registered in 0.001357 seconds.
Native extension for WindowsStandalone target not found
Native extension for WebGL target not found
Refreshing native plugins compatible for Editor in 36.81 ms, found 2 plugins.
Preloading 0 native plugins for Editor in 0.00 ms.
Mono: successfully reloaded assembly
- Completed reload, in  1.438 seconds
Domain Reload Profiling:
	ReloadAssembly (1438ms)
		BeginReloadAssembly (147ms)
			ExecutionOrderSort (0ms)
			DisableScriptedObjects (0ms)
			BackupInstance (0ms)
			ReleaseScriptingObjects (0ms)
			CreateAndSetChildDomain (1ms)
		EndReloadAssembly (466ms)
			LoadAssemblies (147ms)
			RebuildTransferFunctionScriptingTraits (0ms)
			SetupTypeCache (193ms)
			ReleaseScriptCaches (0ms)
			RebuildScriptCaches (40ms)
			SetupLoadedEditorAssemblies (199ms)
				LogAssemblyErrors (0ms)
				InitializePlatformSupportModulesInManaged (8ms)
				SetLoadedEditorAssemblies (0ms)
				RefreshPlugins (37ms)
				BeforeProcessingInitializeOnLoad (2ms)
				ProcessInitializeOnLoadAttributes (117ms)
				ProcessInitializeOnLoadMethodAttributes (34ms)
				AfterProcessingInitializeOnLoad (0ms)
				EditorAssembliesLoaded (0ms)
			ExecutionOrderSort2 (0ms)
			AwakeInstancesAfterBackupRestoration (0ms)
Platform modules already initialized, skipping
Registering precompiled user dll's ...
Registered in 0.004149 seconds.
Begin MonoManager ReloadAssembly
Native extension for WindowsStandalone target not found
Native extension for WebGL target not found
Refreshing native plugins compatible for Editor in 0.53 ms, found 2 plugins.
Preloading 0 native plugins for Editor in 0.00 ms.
Mono: successfully reloaded assembly
- Completed reload, in  3.448 seconds
Domain Reload Profiling:
	ReloadAssembly (3449ms)
		BeginReloadAssembly (246ms)
			ExecutionOrderSort (0ms)
			DisableScriptedObjects (6ms)
			BackupInstance (0ms)
			ReleaseScriptingObjects (0ms)
			CreateAndSetChildDomain (28ms)
		EndReloadAssembly (3134ms)
			LoadAssemblies (869ms)
			RebuildTransferFunctionScriptingTraits (0ms)
			SetupTypeCache (363ms)
			ReleaseScriptCaches (0ms)
			RebuildScriptCaches (60ms)
			SetupLoadedEditorAssemblies (1821ms)
				LogAssemblyErrors (0ms)
				InitializePlatformSupportModulesInManaged (7ms)
				SetLoadedEditorAssemblies (0ms)
				RefreshPlugins (1ms)
				BeforeProcessingInitializeOnLoad (49ms)
				ProcessInitializeOnLoadAttributes (1757ms)
				ProcessInitializeOnLoadMethodAttributes (5ms)
				AfterProcessingInitializeOnLoad (2ms)
				EditorAssembliesLoaded (0ms)
			ExecutionOrderSort2 (0ms)
			AwakeInstancesAfterBackupRestoration (8ms)
Platform modules already initialized, skipping
========================================================================
Worker process is ready to serve import requests
Launched and connected shader compiler UnityShaderCompiler.exe after 0.29 seconds
Refreshing native plugins compatible for Editor in 0.43 ms, found 2 plugins.
Preloading 0 native plugins for Editor in 0.00 ms.
Unloading 1608 Unused Serialized files (Serialized files now loaded: 0)
System memory in use before: 80.7 MB.
System memory in use after: 80.4 MB.

Unloading 21 unused Assets to reduce memory usage. Loaded Objects now: 2061.
Total: 3.789800 ms (FindLiveObjects: 0.162800 ms CreateObjectMapping: 0.067400 ms MarkObjects: 3.301100 ms  DeleteObjects: 0.240300 ms)

AssetImportParameters requested are different than current active one (requested -> active):
  custom:framework-win-MediaFoundation: 216162199b28c13a410421893ffa2e32 -> 
  custom:video-decoder-ogg-theora: a1e56fd34408186e4bbccfd4996cb3dc -> 
  custom:container-muxer-webm: aa71ff27fc2769a1b78a27578f13a17b -> 
  custom:container-demuxer-webm: 4f35f7cbe854078d1ac9338744f61a02 -> 
  custom:container-demuxer-ogg: 62fdf1f143b41e24485cea50d1cbac27 -> 
  custom:video-encoder-webm-vp8: eb34c28f22e8b96e1ab97ce403110664 -> 
  custom:video-decoder-webm-vp8: 9c59270c3fd7afecdb556c50c9e8de78 -> 
  custom:audio-decoder-ogg-vorbis: bf7c407c2cedff20999df2af8eb42d56 -> 
  custom:audio-encoder-webm-vorbis: bf7c407c2cedff20999df2af8eb42d56 -> 
========================================================================
Received Import Request.
  path: Assets/Scenes
  artifactKey: Guid(a6abba9ed5e5f134dbf6ef813efc22ac) Importer(815301076,1909f56bfc062723c751e8b465ee728b)
Start importing Assets/Scenes using Guid(a6abba9ed5e5f134dbf6ef813efc22ac) Importer(815301076,1909f56bfc062723c751e8b465ee728b)  -> (artifact id: 'b8ed6f222c4ac762dfe5a7ec2e93f0e2') in 0.024584 seconds 
========================================================================
Received Prepare
Registering precompiled user dll's ...
Registered in 0.423635 seconds.
Begin MonoManager ReloadAssembly
Native extension for WindowsStandalone target not found
Native extension for WebGL target not found
Refreshing native plugins compatible for Editor in 0.61 ms, found 2 plugins.
Preloading 0 native plugins for Editor in 0.00 ms.
Couldn't fint the RPGTalk Configuration file in your project D= This will cause bad erros!
UnityEngine.StackTraceUtility:ExtractStackTrace ()
UnityEngine.DebugLogHandler:LogFormat (UnityEngine.LogType,UnityEngine.Object,string,object[])
UnityEngine.Logger:Log (UnityEngine.LogType,object)
UnityEngine.Debug:LogWarning (object)
RPGTALK.Helper.RPGTalkInitialization:GetConfigAsset () (at Assets/RPGTALK/Scripts/Editor/RPGTalkInitialization.cs:203)
RPGTALK.Helper.RPGTalkInitialization:.cctor () (at Assets/RPGTALK/Scripts/Editor/RPGTalkInitialization.cs:38)
System.Runtime.CompilerServices.RuntimeHelpers:RunClassConstructor (System.RuntimeTypeHandle)
UnityEditor.EditorAssemblies:ProcessInitializeOnLoadAttributes (System.Type[])

(Filename: Assets/RPGTALK/Scripts/Editor/RPGTalkInitialization.cs Line: 203)

System.NullReferenceException: Object reference not set to an instance of an object
  at RPGTALK.Helper.RPGTalkInitialization..cctor () [0x0002a] in D:\S_Work\NASA_Hackanthon\Github_NASA_MarsTravelProject\NASA_MARS_travel_Contest2021\NASA_Mars_Travel\Assets\RPGTALK\Scripts\Editor\RPGTalkInitialization.cs:40 
UnityEngine.StackTraceUtility:ExtractStackTrace ()
UnityEngine.DebugLogHandler:LogFormat (UnityEngine.LogType,UnityEngine.Object,string,object[])
UnityEngine.Logger:Log (UnityEngine.LogType,object)
UnityEngine.Debug:LogError (object)
UnityEditor.EditorAssemblies:ProcessInitializeOnLoadAttributes (System.Type[])

Mono: successfully reloaded assembly
- Completed reload, in  3.126 seconds
Domain Reload Profiling:
	ReloadAssembly (3126ms)
		BeginReloadAssembly (234ms)
			ExecutionOrderSort (0ms)
			DisableScriptedObjects (7ms)
			BackupInstance (0ms)
			ReleaseScriptingObjects (0ms)
			CreateAndSetChildDomain (71ms)
		EndReloadAssembly (2833ms)
			LoadAssemblies (182ms)
			RebuildTransferFunctionScriptingTraits (0ms)
			SetupTypeCache (346ms)
			ReleaseScriptCaches (1ms)
			RebuildScriptCaches (58ms)
			SetupLoadedEditorAssemblies (2218ms)
				LogAssemblyErrors (0ms)
				InitializePlatformSupportModulesInManaged (6ms)
				SetLoadedEditorAssemblies (1ms)
				RefreshPlugins (1ms)
				BeforeProcessingInitializeOnLoad (44ms)
				ProcessInitializeOnLoadAttributes (2160ms)
				ProcessInitializeOnLoadMethodAttributes (4ms)
				AfterProcessingInitializeOnLoad (2ms)
				EditorAssembliesLoaded (0ms)
			ExecutionOrderSort2 (0ms)
			AwakeInstancesAfterBackupRestoration (8ms)
Platform modules already initialized, skipping
Refreshing native plugins compatible for Editor in 0.52 ms, found 2 plugins.
Preloading 0 native plugins for Editor in 0.00 ms.
Unloading 1662 Unused Serialized files (Serialized files now loaded: 0)
System memory in use before: 82.3 MB.
System memory in use after: 82.0 MB.

Unloading 17 unused Assets to reduce memory usage. Loaded Objects now: 2140.
Total: 4.077000 ms (FindLiveObjects: 0.181800 ms CreateObjectMapping: 0.071100 ms MarkObjects: 3.585000 ms  DeleteObjects: 0.237600 ms)

AssetImportParameters requested are different than current active one (requested -> active):
  custom:framework-win-MediaFoundation: 216162199b28c13a410421893ffa2e32 -> 
  custom:video-decoder-ogg-theora: a1e56fd34408186e4bbccfd4996cb3dc -> 
  custom:container-muxer-webm: aa71ff27fc2769a1b78a27578f13a17b -> 
  custom:container-demuxer-webm: 4f35f7cbe854078d1ac9338744f61a02 -> 
  custom:container-demuxer-ogg: 62fdf1f143b41e24485cea50d1cbac27 -> 
  custom:video-encoder-webm-vp8: eb34c28f22e8b96e1ab97ce403110664 -> 
  custom:video-decoder-webm-vp8: 9c59270c3fd7afecdb556c50c9e8de78 -> 
  custom:audio-decoder-ogg-vorbis: bf7c407c2cedff20999df2af8eb42d56 -> 
  custom:audio-encoder-webm-vorbis: bf7c407c2cedff20999df2af8eb42d56 -> 
========================================================================
Received Prepare
Registering precompiled user dll's ...
Registered in 0.006150 seconds.
Begin MonoManager ReloadAssembly
Native extension for WindowsStandalone target not found
Native extension for WebGL target not found
Refreshing native plugins compatible for Editor in 0.50 ms, found 2 plugins.
Preloading 0 native plugins for Editor in 0.00 ms.
[MODES] ModeService[none].Initialize
[MODES] ModeService[none].LoadModes
[MODES] Loading mode Default (0) for mode-current-id-NASA_Mars_Travel
System.NullReferenceException: Object reference not set to an instance of an object
  at UnityEngine.UIElements.BaseLiveReloadAssetTracker`1[T].StartTrackingAsset (T asset) [0x0003e] in <285c6bc6619c4d51ad70e6acd40c87aa>:0 
  at UnityEngine.UIElements.VisualElement.HandlePanelAttachmentEvents (UnityEngine.UIElements.EventBase evt) [0x000a9] in <285c6bc6619c4d51ad70e6acd40c87aa>:0 
  at UnityEngine.UIElements.VisualElement.ExecuteDefaultAction (UnityEngine.UIElements.EventBase evt) [0x0010e] in <285c6bc6619c4d51ad70e6acd40c87aa>:0 
  at UnityEngine.UIElements.CallbackEventHandler.HandleEvent (UnityEngine.UIElements.EventBase evt) [0x000ae] in <285c6bc6619c4d51ad70e6acd40c87aa>:0 
  at UnityEngine.UIElements.EventDispatchUtilities.ExecuteDefaultAction (UnityEngine.UIElements.EventBase evt, UnityEngine.UIElements.IPanel panel) [0x00054] in <285c6bc6619c4d51ad70e6acd40c87aa>:0 
  at UnityEngine.UIElements.EventDispatcher.ProcessEvent (UnityEngine.UIElements.EventBase evt, UnityEngine.UIElements.IPanel panel) [0x000ba] in <285c6bc6619c4d51ad70e6acd40c87aa>:0 
  at UnityEngine.UIElements.EventDispatcher.Dispatch (UnityEngine.UIElements.EventBase evt, UnityEngine.UIElements.IPanel panel, UnityEngine.UIElements.DispatchMode dispatchMode) [0x00046] in <285c6bc6619c4d51ad70e6acd40c87aa>:0 
  at UnityEngine.UIElements.BaseVisualElementPanel.SendEvent (UnityEngine.UIElements.EventBase e, UnityEngine.UIElements.DispatchMode dispatchMode) [0x0001a] in <285c6bc6619c4d51ad70e6acd40c87aa>:0 
  at UnityEngine.UIElements.VisualElement.HasChangedPanel (UnityEngine.UIElements.BaseVisualElementPanel prevPanel) [0x00061] in <285c6bc6619c4d51ad70e6acd40c87aa>:0 
  at UnityEngine.UIElements.VisualElement.SetPanel (UnityEngine.UIElements.BaseVisualElementPanel p) [0x001b1] in <285c6bc6619c4d51ad70e6acd40c87aa>:0 
  at UnityEngine.UIElements.VisualElement+Hierarchy.SetParent (UnityEngine.UIElements.VisualElement value) [0x00038] in <285c6bc6619c4d51ad70e6acd40c87aa>:0 
  at UnityEngine.UIElements.VisualElement+Hierarchy.Insert (System.Int32 index, UnityEngine.UIElements.VisualElement child) [0x000e4] in <285c6bc6619c4d51ad70e6acd40c87aa>:0 
  at UnityEngine.UIElements.VisualElement+Hierarchy.Add (UnityEngine.UIElements.VisualElement child) [0x0001b] in <285c6bc6619c4d51ad70e6acd40c87aa>:0 
  at UnityEngine.UIElements.VisualElement.Add (UnityEngine.UIElements.VisualElement child) [0x00038] in <285c6bc6619c4d51ad70e6acd40c87aa>:0 
  at UnityEditor.UIElements.DefaultEditorWindowBackend.AddRootElement (UnityEngine.UIElements.VisualElement root) [0x0000c] in <772fffca5f8f4126948faf45cfbc3ba4>:0 
  at UnityEditor.UIElements.DefaultEditorWindowBackend.RegisterWindow () [0x000c7] in <772fffca5f8f4126948faf45cfbc3ba4>:0 
  at UnityEditor.UIElements.DefaultEditorWindowBackend.UnityEditor.IEditorWindowBackend.OnRegisterWindow () [0x00001] in <772fffca5f8f4126948faf45cfbc3ba4>:0 
  at UnityEditor.HostView.RegisterSelectedPane (System.Boolean sendEvents) [0x00035] in <7ca9a09aeae542ab86253a551b1c89a0>:0 
  at UnityEditor.HostView.SetActualViewInternal (UnityEditor.EditorWindow value, System.Boolean sendEvents) [0x0004b] in <7ca9a09aeae542ab86253a551b1c89a0>:0 
  at UnityEditor.DockArea.SetSelectedPrivate (System.Int32 value, System.Boolean sendEvents) [0x00059] in <7ca9a09aeae542ab86253a551b1c89a0>:0 
  at UnityEditor.DockArea.AddTab (System.Int32 idx, UnityEditor.EditorWindow pane, System.Boolean sendPaneEvents) [0x00018] in <7ca9a09aeae542ab86253a551b1c89a0>:0 
  at UnityEditor.DockArea.AddTab (UnityEditor.EditorWindow pane, System.Boolean sendPaneEvents) [0x0000d] in <7ca9a09aeae542ab86253a551b1c89a0>:0 
  at UnityEditor.EditorWindow.CreateNewWindowForEditorWindow (UnityEditor.EditorWindow window, System.Boolean loadPosition, System.Boolean showImmediately, System.Boolean setFocus) [0x0001b] in <7ca9a09aeae542ab86253a551b1c89a0>:0 
  at UnityEditor.EditorWindow.Show (System.Boolean immediateDisplay) [0x00011] in <7ca9a09aeae542ab86253a551b1c89a0>:0 
  at UnityEditor.EditorWindow.Show () [0x00001] in <7ca9a09aeae542ab86253a551b1c89a0>:0 
  at UnityEditor.EditorWindow.GetWindowPrivate (System.Type t, System.Boolean utility, System.String title, System.Boolean focus) [0x00057] in <7ca9a09aeae542ab86253a551b1c89a0>:0 
  at UnityEditor.EditorWindow.GetWindow (System.Type t, System.Boolean utility, System.String title, System.Boolean focus) [0x00001] in <7ca9a09aeae542ab86253a551b1c89a0>:0 
  at UnityEditor.EditorWindow.GetWindow[T] (System.Boolean utility, System.String title, System.Boolean focus) [0x00001] in <7ca9a09aeae542ab86253a551b1c89a0>:0 
  at UnityEditor.EditorWindow.GetWindow[T] (System.String title, System.Boolean focus) [0x00001] in <7ca9a09aeae542ab86253a551b1c89a0>:0 
  at UnityEditor.EditorWindow.GetWindow[T] (System.String title) [0x00001] in <7ca9a09aeae542ab86253a551b1c89a0>:0 
  at RPGTALK.Helper.RPGTalkInitialization.Config () [0x00024] in D:\S_Work\NASA_Hackanthon\Github_NASA_MarsTravelProject\NASA_MARS_travel_Contest2021\NASA_Mars_Travel\Assets\RPGTALK\Scripts\Editor\RPGTalkInitialization.cs:67 
  at RPGTALK.Helper.RPGTalkInitialization..cctor () [0x0003c] in D:\S_Work\NASA_Hackanthon\Github_NASA_MarsTravelProject\NASA_MARS_travel_Contest2021\NASA_Mars_Travel\Assets\RPGTALK\Scripts\Editor\RPGTalkInitialization.cs:42 
UnityEngine.StackTraceUtility:ExtractStackTrace ()
UnityEngine.DebugLogHandler:LogFormat (UnityEngine.LogType,UnityEngine.Object,string,object[])
UnityEngine.Logger:Log (UnityEngine.LogType,object)
UnityEngine.Debug:LogError (object)
UnityEditor.EditorAssemblies:ProcessInitializeOnLoadAttributes (System.Type[])

Mono: successfully reloaded assembly
- Completed reload, in  3.502 seconds
Domain Reload Profiling:
	ReloadAssembly (3503ms)
		BeginReloadAssembly (253ms)
			ExecutionOrderSort (0ms)
			DisableScriptedObjects (7ms)
			BackupInstance (0ms)
			ReleaseScriptingObjects (0ms)
			CreateAndSetChildDomain (84ms)
		EndReloadAssembly (3190ms)
			LoadAssemblies (187ms)
			RebuildTransferFunctionScriptingTraits (0ms)
			SetupTypeCache (361ms)
			ReleaseScriptCaches (1ms)
			RebuildScriptCaches (57ms)
			SetupLoadedEditorAssemblies (2550ms)
				LogAssemblyErrors (0ms)
				InitializePlatformSupportModulesInManaged (7ms)
				SetLoadedEditorAssemblies (1ms)
				RefreshPlugins (1ms)
				BeforeProcessingInitializeOnLoad (47ms)
				ProcessInitializeOnLoadAttributes (2479ms)
				ProcessInitializeOnLoadMethodAttributes (10ms)
				AfterProcessingInitializeOnLoad (5ms)
				EditorAssembliesLoaded (1ms)
			ExecutionOrderSort2 (0ms)
			AwakeInstancesAfterBackupRestoration (20ms)
Platform modules already initialized, skipping
Refreshing native plugins compatible for Editor in 5.30 ms, found 2 plugins.
Preloading 0 native plugins for Editor in 0.00 ms.
Unloading 1681 Unused Serialized files (Serialized files now loaded: 0)
System memory in use before: 88.9 MB.
System memory in use after: 87.9 MB.

Unloading 31 unused Assets to reduce memory usage. Loaded Objects now: 2154.
Total: 11.922900 ms (FindLiveObjects: 0.245900 ms CreateObjectMapping: 0.156000 ms MarkObjects: 10.670100 ms  DeleteObjects: 0.846700 ms)

AssetImportParameters requested are different than current active one (requested -> active):
  custom:framework-win-MediaFoundation: 216162199b28c13a410421893ffa2e32 -> 
  custom:video-decoder-ogg-theora: a1e56fd34408186e4bbccfd4996cb3dc -> 
  custom:container-muxer-webm: aa71ff27fc2769a1b78a27578f13a17b -> 
  custom:container-demuxer-webm: 4f35f7cbe854078d1ac9338744f61a02 -> 
  custom:container-demuxer-ogg: 62fdf1f143b41e24485cea50d1cbac27 -> 
  custom:video-encoder-webm-vp8: eb34c28f22e8b96e1ab97ce403110664 -> 
  custom:video-decoder-webm-vp8: 9c59270c3fd7afecdb556c50c9e8de78 -> 
  custom:audio-decoder-ogg-vorbis: bf7c407c2cedff20999df2af8eb42d56 -> 
  custom:audio-encoder-webm-vorbis: bf7c407c2cedff20999df2af8eb42d56 -> 
AssetImportWorkerClient::OnTransportError - code=2 error=End of file
